mode: set
github.com/Shahlojon/wallet/pkg/wallet/service.go:25.31,27.2 1 0
github.com/Shahlojon/wallet/pkg/wallet/service.go:29.78,30.37 1 1
github.com/Shahlojon/wallet/pkg/wallet/service.go:35.2,43.21 4 1
github.com/Shahlojon/wallet/pkg/wallet/service.go:30.37,31.29 1 0
github.com/Shahlojon/wallet/pkg/wallet/service.go:31.29,33.4 1 0
github.com/Shahlojon/wallet/pkg/wallet/service.go:46.70,47.17 1 1
github.com/Shahlojon/wallet/pkg/wallet/service.go:51.2,52.33 2 1
github.com/Shahlojon/wallet/pkg/wallet/service.go:59.2,59.20 1 1
github.com/Shahlojon/wallet/pkg/wallet/service.go:63.2,64.12 2 1
github.com/Shahlojon/wallet/pkg/wallet/service.go:47.17,49.3 1 0
github.com/Shahlojon/wallet/pkg/wallet/service.go:52.33,53.26 1 1
github.com/Shahlojon/wallet/pkg/wallet/service.go:53.26,55.9 2 1
github.com/Shahlojon/wallet/pkg/wallet/service.go:59.20,61.3 1 0
github.com/Shahlojon/wallet/pkg/wallet/service.go:67.116,68.17 1 1
github.com/Shahlojon/wallet/pkg/wallet/service.go:72.2,73.33 2 1
github.com/Shahlojon/wallet/pkg/wallet/service.go:79.2,79.20 1 1
github.com/Shahlojon/wallet/pkg/wallet/service.go:83.2,83.30 1 1
github.com/Shahlojon/wallet/pkg/wallet/service.go:87.2,97.21 5 1
github.com/Shahlojon/wallet/pkg/wallet/service.go:68.17,70.3 1 0
github.com/Shahlojon/wallet/pkg/wallet/service.go:73.33,74.26 1 1
github.com/Shahlojon/wallet/pkg/wallet/service.go:74.26,76.9 2 1
github.com/Shahlojon/wallet/pkg/wallet/service.go:79.20,81.3 1 0
github.com/Shahlojon/wallet/pkg/wallet/service.go:83.30,85.3 1 0
github.com/Shahlojon/wallet/pkg/wallet/service.go:100.76,102.38 2 1
github.com/Shahlojon/wallet/pkg/wallet/service.go:109.2,109.20 1 1
github.com/Shahlojon/wallet/pkg/wallet/service.go:113.2,113.21 1 1
github.com/Shahlojon/wallet/pkg/wallet/service.go:102.38,103.31 1 1
github.com/Shahlojon/wallet/pkg/wallet/service.go:103.31,105.9 2 1
github.com/Shahlojon/wallet/pkg/wallet/service.go:109.20,111.3 1 1
github.com/Shahlojon/wallet/pkg/wallet/service.go:128.50,130.16 2 1
github.com/Shahlojon/wallet/pkg/wallet/service.go:140.2,142.16 2 1
github.com/Shahlojon/wallet/pkg/wallet/service.go:146.2,148.12 3 1
github.com/Shahlojon/wallet/pkg/wallet/service.go:130.16,132.3 1 1
github.com/Shahlojon/wallet/pkg/wallet/service.go:142.16,144.3 1 0
github.com/Shahlojon/wallet/pkg/wallet/service.go:152.77,153.37 1 1
github.com/Shahlojon/wallet/pkg/wallet/service.go:158.2,158.32 1 1
github.com/Shahlojon/wallet/pkg/wallet/service.go:153.37,154.30 1 1
github.com/Shahlojon/wallet/pkg/wallet/service.go:154.30,156.4 1 1
github.com/Shahlojon/wallet/pkg/wallet/service.go:166.36,168.2 1 1
github.com/Shahlojon/wallet/pkg/wallet/service.go:206.94,209.16 2 1
github.com/Shahlojon/wallet/pkg/wallet/service.go:214.2,215.16 2 1
github.com/Shahlojon/wallet/pkg/wallet/service.go:221.2,222.40 2 1
github.com/Shahlojon/wallet/pkg/wallet/service.go:229.2,229.31 1 1
github.com/Shahlojon/wallet/pkg/wallet/service.go:209.16,211.3 1 0
github.com/Shahlojon/wallet/pkg/wallet/service.go:215.16,217.3 1 0
github.com/Shahlojon/wallet/pkg/wallet/service.go:222.40,225.17 2 1
github.com/Shahlojon/wallet/pkg/wallet/service.go:225.17,227.4 1 0
github.com/Shahlojon/wallet/pkg/wallet/service.go:235.67,237.14 2 1
github.com/Shahlojon/wallet/pkg/wallet/service.go:241.2,242.14 2 1
github.com/Shahlojon/wallet/pkg/wallet/service.go:246.2,246.21 1 1
github.com/Shahlojon/wallet/pkg/wallet/service.go:237.14,239.3 1 0
github.com/Shahlojon/wallet/pkg/wallet/service.go:242.14,244.3 1 0
